<?xml version='1.0' encoding='UTF-8'?>
<testsuite hostname="laptop-aspire-vgomez" name="com.lightbend.training.scalatrain.TrainSpec" tests="6" errors="0" failures="0" skipped="0" time="0.007" timestamp="2022-07-20T11:58:58">
                     <properties>
[...]
</properties>
                     <testcase classname="com.lightbend.training.scalatrain.TrainSpec" name="Train ice724 should stop in Nurember" time="0.0">
                                                 
                                               </testcase><testcase classname="com.lightbend.training.scalatrain.TrainSpec" name="Train ice724 should not stop in Essen" time="0.0">
                                                 
                                               </testcase><testcase classname="com.lightbend.training.scalatrain.TrainSpec" name="Train ice726 should stop in Munich" time="0.0">
                                                 
                                               </testcase><testcase classname="com.lightbend.training.scalatrain.TrainSpec" name="Train ice726 should not stop in Cologne" time="0.0">
                                                 
                                               </testcase><testcase classname="com.lightbend.training.scalatrain.TrainSpec" name="Creating a Train should throw an IllegalArgumentException for a schedule with 0 or 1 elements" time="0.006">
                                                 
                                               </testcase><testcase classname="com.lightbend.training.scalatrain.TrainSpec" name="stations should be initialized correctly" time="0.001">
                                                 
                                               </testcase>
                     <system-out><![CDATA[]]></system-out>
                     <system-err><![CDATA[]]></system-err>
                   </testsuite>